<?xml version="1.0" encoding="UTF-8"?>
<!-- Generated by org.testng.reporters.JUnitXMLReporter -->
<testsuite hostname="DESKTOP-1HEHQ4T" ignored="0" name="Test" tests="4" failures="0" timestamp="2020-03-04T20:33:01 CET" time="0.064" errors="0">
  <testcase name="deleteTwitter" time="0.005" classname="QATests.RESTAPITest"/>
  <testcase name="postJira" time="0.001" classname="QATests.RESTAPITest"/>
  <testcase name="BrowserAUtomation" time="0.001" classname="QATests.SeleniumTest"/>
  <testcase name="elements" time="0.0" classname="QATests.SeleniumTest"/>
</testsuite> <!-- Test -->
