<?xml version="1.0" encoding="UTF-8"?>
<testsuite xmlns:xsi="http://www.w3.org/2001/XMLSchema-instance" xsi:noNamespaceSchemaLocation="https://maven.apache.org/surefire/maven-surefire-plugin/xsd/surefire-test-report-3.0.xsd" version="3.0" name="TestSuite" time="0.792" tests="4" errors="0" skipped="0" failures="0">
  <properties>
[...]
</properties>
  <testcase name="deleteTwitter" classname="QATests.RESTAPITest" time="0.008"/>
  <testcase name="postJira" classname="QATests.RESTAPITest" time="0.001"/>
  <testcase name="BrowserAUtomation" classname="QATests.SeleniumTest" time="0.001"/>
  <testcase name="elements" classname="QATests.SeleniumTest" time="0.001"/>
</testsuite>