<?xml version="1.0" encoding="UTF-8"?>
<testng-results skipped="0" failed="0" ignored="0" total="2" passed="2">
  <reporter-output>
  </reporter-output>
  <suite name="Default suite" duration-ms="143" started-at="2020-03-04T20:17:00 CET" finished-at="2020-03-04T20:17:00 CET">
    <groups>
    </groups>
    <test name="Default test" duration-ms="143" started-at="2020-03-04T20:17:00 CET" finished-at="2020-03-04T20:17:00 CET">
      <class name="QATests.AppiumTest">
        <test-method status="PASS" signature="iOSAndorid()[pri:0, instance:QATests.AppiumTest@69a3d1d]" name="iOSAndorid" duration-ms="25" started-at="2020-03-04T20:17:00 CET" finished-at="2020-03-04T20:17:00 CET">
          <reporter-output>
          </reporter-output>
        </test-method> <!-- iOSAndorid -->
        <test-method status="PASS" signature="nativeAPPAndroid()[pri:0, instance:QATests.AppiumTest@69a3d1d]" name="nativeAPPAndroid" duration-ms="1" started-at="2020-03-04T20:17:00 CET" finished-at="2020-03-04T20:17:00 CET">
          <reporter-output>
          </reporter-output>
        </test-method> <!-- nativeAPPAndroid -->
      </class> <!-- QATests.AppiumTest -->
    </test> <!-- Default test -->
  </suite> <!-- Default suite -->
</testng-results>
